<?xml version="1.0" encoding="UTF-8"?>
<!-- Generated by org.testng.reporters.JUnitXMLReporter -->
<testsuite hostname="KH1974" name="Default test" tests="9" failures="0" timestamp="31 Oct 2015 19:05:04 GMT" time="0.044" errors="0">
  <testcase name="createTree" time="0.014" classname="Tree.TreeTest"/>
  <testcase name="inorderTest" time="0.0" classname="Tree.TreeTest"/>
  <testcase name="levelOrderTest" time="0.001" classname="Tree.TreeTest"/>
  <testcase name="pathSumTreeTest" time="0.001" classname="Tree.TreeTest"/>
  <testcase name="postorderTest" time="0.001" classname="Tree.TreeTest"/>
  <testcase name="preorderTest" time="0.001" classname="Tree.TreeTest"/>
  <testcase name="printLevelTest" time="0.0" classname="Tree.TreeTest"/>
  <testcase name="printPathTest" time="0.001" classname="Tree.TreeTest"/>
  <testcase name="spiralLevelOrderTest" time="0.001" classname="Tree.TreeTest"/>
</testsuite> <!-- Default test -->
