<?xml version="1.0" encoding="UTF-8"?>
<!-- Generated by org.testng.reporters.JUnitXMLReporter -->
<testsuite hostname="KH1974" name="BeanShell test" tests="14" failures="0" timestamp="25 Oct 2015 18:22:05 GMT" time="0.086" errors="0">
  <testcase name="TransformInMinimumOperationTest_1" time="0.032" classname="String.StringTest"/>
  <testcase name="TransformInMinimumOperationTest_2" time="0.001" classname="String.StringTest"/>
  <testcase name="TransformInMinimumOperationTest_3" time="0.001" classname="String.StringTest"/>
  <testcase name="TransformInMinimumOperationTest_4" time="0.0" classname="String.StringTest"/>
  <testcase name="TransformInMinimumOperationTest_5" time="0.001" classname="String.StringTest"/>
  <testcase name="TransformInMinimumOperationTest_6" time="0.0" classname="String.StringTest"/>
  <testcase name="testHashmap" time="0.009" classname="String.StringTest"/>
  <testcase name="createTree" time="0.003" classname="Tree.TreeTest"/>
  <testcase name="inorderTest" time="0.0" classname="Tree.TreeTest"/>
  <testcase name="levelOrderTest" time="0.001" classname="Tree.TreeTest"/>
  <testcase name="postorderTest" time="0.002" classname="Tree.TreeTest"/>
  <testcase name="preorderTest" time="0.001" classname="Tree.TreeTest"/>
  <testcase name="printLevelTest" time="0.001" classname="Tree.TreeTest"/>
  <testcase name="spiralLevelOrderTest" time="0.001" classname="Tree.TreeTest"/>
</testsuite> <!-- BeanShell test -->
