<?xml version="1.0" encoding="UTF-8"?>
<!-- Generated by org.testng.reporters.JUnitXMLReporter -->
<testsuite hostname="KH1974" name="Command line test" tests="17" failures="6" timestamp="19 Oct 2015 16:31:53 GMT" time="0.137" errors="0">
  <testcase name="B" time="0.006" classname="Algorithms.Algorithms.LinkedListTest"/>
  <testcase name="C" time="0.001" classname="Algorithms.Algorithms.LinkedListTest"/>
  <testcase name="printListTest" time="0.048" classname="Algorithms.Algorithms.LinkedListTest"/>
  <testcase name="TransformInMinimumOperationTest_1" time="0.026" classname="String.StringTest">
    <failure type="java.lang.NoClassDefFoundError" message="org/apache/log4j/Logger">
      <![CDATA[java.lang.NoClassDefFoundError: org/apache/log4j/Logger
	at String.TransformInMinimumOperation.<clinit>(TransformInMinimumOperation.java:8)
	at String.StringTest.TransformInMinimumOperationTest_1(StringTest.java:11)
Caused by: java.lang.ClassNotFoundException: org.apache.log4j.Logger
	at java.net.URLClassLoader$1.run(Unknown Source)
	at java.net.URLClassLoader$1.run(Unknown Source)
	at java.security.AccessController.doPrivileged(Native Method)
	at java.net.URLClassLoader.findClass(Unknown Source)
	at java.lang.ClassLoader.loadClass(Unknown Source)
	at sun.misc.Launcher$AppClassLoader.loadClass(Unknown Source)
	at java.lang.ClassLoader.loadClass(Unknown Source)
	... 36 more
... Removed 34 stack frames]]>
    </failure>
  </testcase> <!-- TransformInMinimumOperationTest_1 -->
  <testcase name="TransformInMinimumOperationTest_2" time="0.0" classname="String.StringTest">
    <failure type="java.lang.NoClassDefFoundError" message="Could not initialize class String.TransformInMinimumOperation">
      <![CDATA[java.lang.NoClassDefFoundError: Could not initialize class String.TransformInMinimumOperation
	at String.StringTest.TransformInMinimumOperationTest_2(StringTest.java:16)
... Removed 34 stack frames]]>
    </failure>
  </testcase> <!-- TransformInMinimumOperationTest_2 -->
  <testcase name="TransformInMinimumOperationTest_3" time="0.0" classname="String.StringTest">
    <failure type="java.lang.NoClassDefFoundError" message="Could not initialize class String.TransformInMinimumOperation">
      <![CDATA[java.lang.NoClassDefFoundError: Could not initialize class String.TransformInMinimumOperation
	at String.StringTest.TransformInMinimumOperationTest_3(StringTest.java:21)
... Removed 34 stack frames]]>
    </failure>
  </testcase> <!-- TransformInMinimumOperationTest_3 -->
  <testcase name="TransformInMinimumOperationTest_4" time="0.0" classname="String.StringTest">
    <failure type="java.lang.NoClassDefFoundError" message="Could not initialize class String.TransformInMinimumOperation">
      <![CDATA[java.lang.NoClassDefFoundError: Could not initialize class String.TransformInMinimumOperation
	at String.StringTest.TransformInMinimumOperationTest_4(StringTest.java:26)
... Removed 34 stack frames]]>
    </failure>
  </testcase> <!-- TransformInMinimumOperationTest_4 -->
  <testcase name="TransformInMinimumOperationTest_5" time="0.001" classname="String.StringTest">
    <failure type="java.lang.NoClassDefFoundError" message="Could not initialize class String.TransformInMinimumOperation">
      <![CDATA[java.lang.NoClassDefFoundError: Could not initialize class String.TransformInMinimumOperation
	at String.StringTest.TransformInMinimumOperationTest_5(StringTest.java:31)
... Removed 34 stack frames]]>
    </failure>
  </testcase> <!-- TransformInMinimumOperationTest_5 -->
  <testcase name="TransformInMinimumOperationTest_6" time="0.0" classname="String.StringTest">
    <failure type="java.lang.NoClassDefFoundError" message="Could not initialize class String.TransformInMinimumOperation">
      <![CDATA[java.lang.NoClassDefFoundError: Could not initialize class String.TransformInMinimumOperation
	at String.StringTest.TransformInMinimumOperationTest_6(StringTest.java:36)
... Removed 34 stack frames]]>
    </failure>
  </testcase> <!-- TransformInMinimumOperationTest_6 -->
  <testcase name="testHashmap" time="0.007" classname="String.StringTest"/>
  <testcase name="createTree" time="0.021" classname="Tree.TreeTest"/>
  <testcase name="inorderTest" time="0.0" classname="Tree.TreeTest"/>
  <testcase name="levelorderITest" time="0.0" classname="Tree.TreeTest"/>
  <testcase name="levelorderTest" time="0.001" classname="Tree.TreeTest"/>
  <testcase name="postorderTest" time="0.008" classname="Tree.TreeTest"/>
  <testcase name="preorderTest" time="0.0" classname="Tree.TreeTest"/>
  <testcase name="spiral_levelorderTest" time="0.003" classname="Tree.TreeTest"/>
</testsuite> <!-- Command line test -->
