<?xml version="1.0" encoding="UTF-8"?>
<testng-results skipped="0" failed="6" total="17" passed="11">
  <reporter-output>
  </reporter-output>
  <suite name="Command line suite" duration-ms="137" started-at="2015-10-19T16:31:53Z" finished-at="2015-10-19T16:31:53Z">
    <groups>
      <group name="A">
        <method signature="LinkedListTest.B()[pri:0, instance:Algorithms.Algorithms.LinkedListTest@1684286]" name="B" class="Algorithms.Algorithms.LinkedListTest"/>
        <method signature="LinkedListTest.printListTest()[pri:0, instance:Algorithms.Algorithms.LinkedListTest@1684286]" name="printListTest" class="Algorithms.Algorithms.LinkedListTest"/>
        <method signature="StringTest.TransformInMinimumOperationTest_1()[pri:0, instance:String.StringTest@580929]" name="TransformInMinimumOperationTest_1" class="String.StringTest"/>
        <method signature="StringTest.TransformInMinimumOperationTest_2()[pri:0, instance:String.StringTest@580929]" name="TransformInMinimumOperationTest_2" class="String.StringTest"/>
        <method signature="StringTest.TransformInMinimumOperationTest_3()[pri:0, instance:String.StringTest@580929]" name="TransformInMinimumOperationTest_3" class="String.StringTest"/>
        <method signature="StringTest.TransformInMinimumOperationTest_4()[pri:0, instance:String.StringTest@580929]" name="TransformInMinimumOperationTest_4" class="String.StringTest"/>
        <method signature="StringTest.TransformInMinimumOperationTest_5()[pri:0, instance:String.StringTest@580929]" name="TransformInMinimumOperationTest_5" class="String.StringTest"/>
        <method signature="StringTest.TransformInMinimumOperationTest_6()[pri:0, instance:String.StringTest@580929]" name="TransformInMinimumOperationTest_6" class="String.StringTest"/>
        <method signature="StringTest.testHashmap()[pri:0, instance:String.StringTest@580929]" name="testHashmap" class="String.StringTest"/>
        <method signature="TreeTest.createTree()[pri:0, instance:Tree.TreeTest@ce8af7]" name="createTree" class="Tree.TreeTest"/>
        <method signature="TreeTest.inorderTest()[pri:0, instance:Tree.TreeTest@ce8af7]" name="inorderTest" class="Tree.TreeTest"/>
        <method signature="TreeTest.levelorderITest()[pri:0, instance:Tree.TreeTest@ce8af7]" name="levelorderITest" class="Tree.TreeTest"/>
        <method signature="TreeTest.levelorderTest()[pri:0, instance:Tree.TreeTest@ce8af7]" name="levelorderTest" class="Tree.TreeTest"/>
        <method signature="TreeTest.postorderTest()[pri:0, instance:Tree.TreeTest@ce8af7]" name="postorderTest" class="Tree.TreeTest"/>
        <method signature="TreeTest.preorderTest()[pri:0, instance:Tree.TreeTest@ce8af7]" name="preorderTest" class="Tree.TreeTest"/>
        <method signature="TreeTest.spiral_levelorderTest()[pri:0, instance:Tree.TreeTest@ce8af7]" name="spiral_levelorderTest" class="Tree.TreeTest"/>
      </group> <!-- A -->
      <group name="Z">
        <method signature="LinkedListTest.C()[pri:0, instance:Algorithms.Algorithms.LinkedListTest@1684286]" name="C" class="Algorithms.Algorithms.LinkedListTest"/>
        <method signature="LinkedListTest.printListTest()[pri:0, instance:Algorithms.Algorithms.LinkedListTest@1684286]" name="printListTest" class="Algorithms.Algorithms.LinkedListTest"/>
        <method signature="StringTest.TransformInMinimumOperationTest_1()[pri:0, instance:String.StringTest@580929]" name="TransformInMinimumOperationTest_1" class="String.StringTest"/>
        <method signature="StringTest.TransformInMinimumOperationTest_2()[pri:0, instance:String.StringTest@580929]" name="TransformInMinimumOperationTest_2" class="String.StringTest"/>
        <method signature="StringTest.TransformInMinimumOperationTest_3()[pri:0, instance:String.StringTest@580929]" name="TransformInMinimumOperationTest_3" class="String.StringTest"/>
        <method signature="StringTest.TransformInMinimumOperationTest_4()[pri:0, instance:String.StringTest@580929]" name="TransformInMinimumOperationTest_4" class="String.StringTest"/>
        <method signature="StringTest.TransformInMinimumOperationTest_5()[pri:0, instance:String.StringTest@580929]" name="TransformInMinimumOperationTest_5" class="String.StringTest"/>
        <method signature="StringTest.TransformInMinimumOperationTest_6()[pri:0, instance:String.StringTest@580929]" name="TransformInMinimumOperationTest_6" class="String.StringTest"/>
        <method signature="StringTest.testHashmap()[pri:0, instance:String.StringTest@580929]" name="testHashmap" class="String.StringTest"/>
        <method signature="TreeTest.createTree()[pri:0, instance:Tree.TreeTest@ce8af7]" name="createTree" class="Tree.TreeTest"/>
        <method signature="TreeTest.inorderTest()[pri:0, instance:Tree.TreeTest@ce8af7]" name="inorderTest" class="Tree.TreeTest"/>
        <method signature="TreeTest.levelorderITest()[pri:0, instance:Tree.TreeTest@ce8af7]" name="levelorderITest" class="Tree.TreeTest"/>
        <method signature="TreeTest.levelorderTest()[pri:0, instance:Tree.TreeTest@ce8af7]" name="levelorderTest" class="Tree.TreeTest"/>
        <method signature="TreeTest.postorderTest()[pri:0, instance:Tree.TreeTest@ce8af7]" name="postorderTest" class="Tree.TreeTest"/>
        <method signature="TreeTest.preorderTest()[pri:0, instance:Tree.TreeTest@ce8af7]" name="preorderTest" class="Tree.TreeTest"/>
        <method signature="TreeTest.spiral_levelorderTest()[pri:0, instance:Tree.TreeTest@ce8af7]" name="spiral_levelorderTest" class="Tree.TreeTest"/>
      </group> <!-- Z -->
    </groups>
    <test name="Command line test" duration-ms="137" started-at="2015-10-19T16:31:53Z" finished-at="2015-10-19T16:31:53Z">
      <class name="Tree.TreeTest">
        <test-method status="PASS" signature="createTree()[pri:0, instance:Tree.TreeTest@ce8af7]" name="createTree" duration-ms="21" started-at="2015-10-19T22:01:53Z" finished-at="2015-10-19T22:01:53Z">
          <reporter-output>
          </reporter-output>
        </test-method> <!-- createTree -->
        <test-method status="PASS" signature="inorderTest()[pri:0, instance:Tree.TreeTest@ce8af7]" name="inorderTest" duration-ms="0" started-at="2015-10-19T22:01:53Z" finished-at="2015-10-19T22:01:53Z">
          <reporter-output>
          </reporter-output>
        </test-method> <!-- inorderTest -->
        <test-method status="PASS" signature="levelorderITest()[pri:0, instance:Tree.TreeTest@ce8af7]" name="levelorderITest" duration-ms="0" started-at="2015-10-19T22:01:53Z" finished-at="2015-10-19T22:01:53Z">
          <reporter-output>
          </reporter-output>
        </test-method> <!-- levelorderITest -->
        <test-method status="PASS" signature="levelorderTest()[pri:0, instance:Tree.TreeTest@ce8af7]" name="levelorderTest" duration-ms="1" started-at="2015-10-19T22:01:53Z" finished-at="2015-10-19T22:01:53Z">
          <reporter-output>
          </reporter-output>
        </test-method> <!-- levelorderTest -->
        <test-method status="PASS" signature="postorderTest()[pri:0, instance:Tree.TreeTest@ce8af7]" name="postorderTest" duration-ms="8" started-at="2015-10-19T22:01:53Z" finished-at="2015-10-19T22:01:53Z">
          <reporter-output>
          </reporter-output>
        </test-method> <!-- postorderTest -->
        <test-method status="PASS" signature="preorderTest()[pri:0, instance:Tree.TreeTest@ce8af7]" name="preorderTest" duration-ms="0" started-at="2015-10-19T22:01:53Z" finished-at="2015-10-19T22:01:53Z">
          <reporter-output>
          </reporter-output>
        </test-method> <!-- preorderTest -->
        <test-method status="PASS" signature="spiral_levelorderTest()[pri:0, instance:Tree.TreeTest@ce8af7]" name="spiral_levelorderTest" duration-ms="3" started-at="2015-10-19T22:01:53Z" finished-at="2015-10-19T22:01:53Z">
          <reporter-output>
          </reporter-output>
        </test-method> <!-- spiral_levelorderTest -->
      </class> <!-- Tree.TreeTest -->
      <class name="String.StringTest">
        <test-method status="FAIL" signature="TransformInMinimumOperationTest_1()[pri:0, instance:String.StringTest@580929]" name="TransformInMinimumOperationTest_1" duration-ms="26" started-at="2015-10-19T22:01:53Z" finished-at="2015-10-19T22:01:53Z">
          <exception class="java.lang.NoClassDefFoundError">
            <message>
              <![CDATA[org/apache/log4j/Logger]]>
            </message>
            <full-stacktrace>
              <![CDATA[java.lang.NoClassDefFoundError: org/apache/log4j/Logger
	at String.TransformInMinimumOperation.<clinit>(TransformInMinimumOperation.java:8)
	at String.StringTest.TransformInMinimumOperationTest_1(StringTest.java:11)
	at sun.reflect.NativeMethodAccessorImpl.invoke0(Native Method)
	at sun.reflect.NativeMethodAccessorImpl.invoke(Unknown Source)
	at sun.reflect.DelegatingMethodAccessorImpl.invoke(Unknown Source)
	at java.lang.reflect.Method.invoke(Unknown Source)
	at org.testng.internal.MethodInvocationHelper.invokeMethod(MethodInvocationHelper.java:84)
	at org.testng.internal.Invoker.invokeMethod(Invoker.java:714)
	at org.testng.internal.Invoker.invokeTestMethod(Invoker.java:901)
	at org.testng.internal.Invoker.invokeTestMethods(Invoker.java:1231)
	at org.testng.internal.TestMethodWorker.invokeTestMethods(TestMethodWorker.java:127)
	at org.testng.internal.TestMethodWorker.run(TestMethodWorker.java:111)
	at org.testng.TestRunner.privateRun(TestRunner.java:767)
	at org.testng.TestRunner.run(TestRunner.java:617)
	at org.testng.SuiteRunner.runTest(SuiteRunner.java:348)
	at org.testng.SuiteRunner.runSequentially(SuiteRunner.java:343)
	at org.testng.SuiteRunner.privateRun(SuiteRunner.java:305)
	at org.testng.SuiteRunner.run(SuiteRunner.java:254)
	at org.testng.SuiteRunnerWorker.runSuite(SuiteRunnerWorker.java:52)
	at org.testng.SuiteRunnerWorker.run(SuiteRunnerWorker.java:86)
	at org.testng.TestNG.runSuitesSequentially(TestNG.java:1224)
	at org.testng.TestNG.runSuitesLocally(TestNG.java:1149)
	at org.testng.TestNG.run(TestNG.java:1057)
	at org.apache.maven.surefire.testng.TestNGExecutor.run(TestNGExecutor.java:77)
	at org.apache.maven.surefire.testng.TestNGDirectoryTestSuite.executeMulti(TestNGDirectoryTestSuite.java:159)
	at org.apache.maven.surefire.testng.TestNGDirectoryTestSuite.execute(TestNGDirectoryTestSuite.java:99)
	at org.apache.maven.surefire.testng.TestNGProvider.invoke(TestNGProvider.java:106)
	at sun.reflect.NativeMethodAccessorImpl.invoke0(Native Method)
	at sun.reflect.NativeMethodAccessorImpl.invoke(Unknown Source)
	at sun.reflect.DelegatingMethodAccessorImpl.invoke(Unknown Source)
	at java.lang.reflect.Method.invoke(Unknown Source)
	at org.apache.maven.surefire.util.ReflectionUtils.invokeMethodWithArray(ReflectionUtils.java:189)
	at org.apache.maven.surefire.booter.ProviderFactory$ProviderProxy.invoke(ProviderFactory.java:165)
	at org.apache.maven.surefire.booter.ProviderFactory.invokeProvider(ProviderFactory.java:85)
	at org.apache.maven.surefire.booter.ForkedBooter.runSuitesInProcess(ForkedBooter.java:115)
	at org.apache.maven.surefire.booter.ForkedBooter.main(ForkedBooter.java:75)
Caused by: java.lang.ClassNotFoundException: org.apache.log4j.Logger
	at java.net.URLClassLoader$1.run(Unknown Source)
	at java.net.URLClassLoader$1.run(Unknown Source)
	at java.security.AccessController.doPrivileged(Native Method)
	at java.net.URLClassLoader.findClass(Unknown Source)
	at java.lang.ClassLoader.loadClass(Unknown Source)
	at sun.misc.Launcher$AppClassLoader.loadClass(Unknown Source)
	at java.lang.ClassLoader.loadClass(Unknown Source)
	... 36 more
]]>
            </full-stacktrace>
          </exception> <!-- java.lang.NoClassDefFoundError -->
          <reporter-output>
          </reporter-output>
        </test-method> <!-- TransformInMinimumOperationTest_1 -->
        <test-method status="FAIL" signature="TransformInMinimumOperationTest_3()[pri:0, instance:String.StringTest@580929]" name="TransformInMinimumOperationTest_3" duration-ms="0" started-at="2015-10-19T22:01:53Z" finished-at="2015-10-19T22:01:53Z">
          <exception class="java.lang.NoClassDefFoundError">
            <message>
              <![CDATA[Could not initialize class String.TransformInMinimumOperation]]>
            </message>
            <full-stacktrace>
              <![CDATA[java.lang.NoClassDefFoundError: Could not initialize class String.TransformInMinimumOperation
	at String.StringTest.TransformInMinimumOperationTest_3(StringTest.java:21)
	at sun.reflect.NativeMethodAccessorImpl.invoke0(Native Method)
	at sun.reflect.NativeMethodAccessorImpl.invoke(Unknown Source)
	at sun.reflect.DelegatingMethodAccessorImpl.invoke(Unknown Source)
	at java.lang.reflect.Method.invoke(Unknown Source)
	at org.testng.internal.MethodInvocationHelper.invokeMethod(MethodInvocationHelper.java:84)
	at org.testng.internal.Invoker.invokeMethod(Invoker.java:714)
	at org.testng.internal.Invoker.invokeTestMethod(Invoker.java:901)
	at org.testng.internal.Invoker.invokeTestMethods(Invoker.java:1231)
	at org.testng.internal.TestMethodWorker.invokeTestMethods(TestMethodWorker.java:127)
	at org.testng.internal.TestMethodWorker.run(TestMethodWorker.java:111)
	at org.testng.TestRunner.privateRun(TestRunner.java:767)
	at org.testng.TestRunner.run(TestRunner.java:617)
	at org.testng.SuiteRunner.runTest(SuiteRunner.java:348)
	at org.testng.SuiteRunner.runSequentially(SuiteRunner.java:343)
	at org.testng.SuiteRunner.privateRun(SuiteRunner.java:305)
	at org.testng.SuiteRunner.run(SuiteRunner.java:254)
	at org.testng.SuiteRunnerWorker.runSuite(SuiteRunnerWorker.java:52)
	at org.testng.SuiteRunnerWorker.run(SuiteRunnerWorker.java:86)
	at org.testng.TestNG.runSuitesSequentially(TestNG.java:1224)
	at org.testng.TestNG.runSuitesLocally(TestNG.java:1149)
	at org.testng.TestNG.run(TestNG.java:1057)
	at org.apache.maven.surefire.testng.TestNGExecutor.run(TestNGExecutor.java:77)
	at org.apache.maven.surefire.testng.TestNGDirectoryTestSuite.executeMulti(TestNGDirectoryTestSuite.java:159)
	at org.apache.maven.surefire.testng.TestNGDirectoryTestSuite.execute(TestNGDirectoryTestSuite.java:99)
	at org.apache.maven.surefire.testng.TestNGProvider.invoke(TestNGProvider.java:106)
	at sun.reflect.NativeMethodAccessorImpl.invoke0(Native Method)
	at sun.reflect.NativeMethodAccessorImpl.invoke(Unknown Source)
	at sun.reflect.DelegatingMethodAccessorImpl.invoke(Unknown Source)
	at java.lang.reflect.Method.invoke(Unknown Source)
	at org.apache.maven.surefire.util.ReflectionUtils.invokeMethodWithArray(ReflectionUtils.java:189)
	at org.apache.maven.surefire.booter.ProviderFactory$ProviderProxy.invoke(ProviderFactory.java:165)
	at org.apache.maven.surefire.booter.ProviderFactory.invokeProvider(ProviderFactory.java:85)
	at org.apache.maven.surefire.booter.ForkedBooter.runSuitesInProcess(ForkedBooter.java:115)
	at org.apache.maven.surefire.booter.ForkedBooter.main(ForkedBooter.java:75)
]]>
            </full-stacktrace>
          </exception> <!-- java.lang.NoClassDefFoundError -->
          <reporter-output>
          </reporter-output>
        </test-method> <!-- TransformInMinimumOperationTest_3 -->
        <test-method status="FAIL" signature="TransformInMinimumOperationTest_2()[pri:0, instance:String.StringTest@580929]" name="TransformInMinimumOperationTest_2" duration-ms="0" started-at="2015-10-19T22:01:53Z" finished-at="2015-10-19T22:01:53Z">
          <exception class="java.lang.NoClassDefFoundError">
            <message>
              <![CDATA[Could not initialize class String.TransformInMinimumOperation]]>
            </message>
            <full-stacktrace>
              <![CDATA[java.lang.NoClassDefFoundError: Could not initialize class String.TransformInMinimumOperation
	at String.StringTest.TransformInMinimumOperationTest_2(StringTest.java:16)
	at sun.reflect.NativeMethodAccessorImpl.invoke0(Native Method)
	at sun.reflect.NativeMethodAccessorImpl.invoke(Unknown Source)
	at sun.reflect.DelegatingMethodAccessorImpl.invoke(Unknown Source)
	at java.lang.reflect.Method.invoke(Unknown Source)
	at org.testng.internal.MethodInvocationHelper.invokeMethod(MethodInvocationHelper.java:84)
	at org.testng.internal.Invoker.invokeMethod(Invoker.java:714)
	at org.testng.internal.Invoker.invokeTestMethod(Invoker.java:901)
	at org.testng.internal.Invoker.invokeTestMethods(Invoker.java:1231)
	at org.testng.internal.TestMethodWorker.invokeTestMethods(TestMethodWorker.java:127)
	at org.testng.internal.TestMethodWorker.run(TestMethodWorker.java:111)
	at org.testng.TestRunner.privateRun(TestRunner.java:767)
	at org.testng.TestRunner.run(TestRunner.java:617)
	at org.testng.SuiteRunner.runTest(SuiteRunner.java:348)
	at org.testng.SuiteRunner.runSequentially(SuiteRunner.java:343)
	at org.testng.SuiteRunner.privateRun(SuiteRunner.java:305)
	at org.testng.SuiteRunner.run(SuiteRunner.java:254)
	at org.testng.SuiteRunnerWorker.runSuite(SuiteRunnerWorker.java:52)
	at org.testng.SuiteRunnerWorker.run(SuiteRunnerWorker.java:86)
	at org.testng.TestNG.runSuitesSequentially(TestNG.java:1224)
	at org.testng.TestNG.runSuitesLocally(TestNG.java:1149)
	at org.testng.TestNG.run(TestNG.java:1057)
	at org.apache.maven.surefire.testng.TestNGExecutor.run(TestNGExecutor.java:77)
	at org.apache.maven.surefire.testng.TestNGDirectoryTestSuite.executeMulti(TestNGDirectoryTestSuite.java:159)
	at org.apache.maven.surefire.testng.TestNGDirectoryTestSuite.execute(TestNGDirectoryTestSuite.java:99)
	at org.apache.maven.surefire.testng.TestNGProvider.invoke(TestNGProvider.java:106)
	at sun.reflect.NativeMethodAccessorImpl.invoke0(Native Method)
	at sun.reflect.NativeMethodAccessorImpl.invoke(Unknown Source)
	at sun.reflect.DelegatingMethodAccessorImpl.invoke(Unknown Source)
	at java.lang.reflect.Method.invoke(Unknown Source)
	at org.apache.maven.surefire.util.ReflectionUtils.invokeMethodWithArray(ReflectionUtils.java:189)
	at org.apache.maven.surefire.booter.ProviderFactory$ProviderProxy.invoke(ProviderFactory.java:165)
	at org.apache.maven.surefire.booter.ProviderFactory.invokeProvider(ProviderFactory.java:85)
	at org.apache.maven.surefire.booter.ForkedBooter.runSuitesInProcess(ForkedBooter.java:115)
	at org.apache.maven.surefire.booter.ForkedBooter.main(ForkedBooter.java:75)
]]>
            </full-stacktrace>
          </exception> <!-- java.lang.NoClassDefFoundError -->
          <reporter-output>
          </reporter-output>
        </test-method> <!-- TransformInMinimumOperationTest_2 -->
        <test-method status="FAIL" signature="TransformInMinimumOperationTest_5()[pri:0, instance:String.StringTest@580929]" name="TransformInMinimumOperationTest_5" duration-ms="1" started-at="2015-10-19T22:01:53Z" finished-at="2015-10-19T22:01:53Z">
          <exception class="java.lang.NoClassDefFoundError">
            <message>
              <![CDATA[Could not initialize class String.TransformInMinimumOperation]]>
            </message>
            <full-stacktrace>
              <![CDATA[java.lang.NoClassDefFoundError: Could not initialize class String.TransformInMinimumOperation
	at String.StringTest.TransformInMinimumOperationTest_5(StringTest.java:31)
	at sun.reflect.NativeMethodAccessorImpl.invoke0(Native Method)
	at sun.reflect.NativeMethodAccessorImpl.invoke(Unknown Source)
	at sun.reflect.DelegatingMethodAccessorImpl.invoke(Unknown Source)
	at java.lang.reflect.Method.invoke(Unknown Source)
	at org.testng.internal.MethodInvocationHelper.invokeMethod(MethodInvocationHelper.java:84)
	at org.testng.internal.Invoker.invokeMethod(Invoker.java:714)
	at org.testng.internal.Invoker.invokeTestMethod(Invoker.java:901)
	at org.testng.internal.Invoker.invokeTestMethods(Invoker.java:1231)
	at org.testng.internal.TestMethodWorker.invokeTestMethods(TestMethodWorker.java:127)
	at org.testng.internal.TestMethodWorker.run(TestMethodWorker.java:111)
	at org.testng.TestRunner.privateRun(TestRunner.java:767)
	at org.testng.TestRunner.run(TestRunner.java:617)
	at org.testng.SuiteRunner.runTest(SuiteRunner.java:348)
	at org.testng.SuiteRunner.runSequentially(SuiteRunner.java:343)
	at org.testng.SuiteRunner.privateRun(SuiteRunner.java:305)
	at org.testng.SuiteRunner.run(SuiteRunner.java:254)
	at org.testng.SuiteRunnerWorker.runSuite(SuiteRunnerWorker.java:52)
	at org.testng.SuiteRunnerWorker.run(SuiteRunnerWorker.java:86)
	at org.testng.TestNG.runSuitesSequentially(TestNG.java:1224)
	at org.testng.TestNG.runSuitesLocally(TestNG.java:1149)
	at org.testng.TestNG.run(TestNG.java:1057)
	at org.apache.maven.surefire.testng.TestNGExecutor.run(TestNGExecutor.java:77)
	at org.apache.maven.surefire.testng.TestNGDirectoryTestSuite.executeMulti(TestNGDirectoryTestSuite.java:159)
	at org.apache.maven.surefire.testng.TestNGDirectoryTestSuite.execute(TestNGDirectoryTestSuite.java:99)
	at org.apache.maven.surefire.testng.TestNGProvider.invoke(TestNGProvider.java:106)
	at sun.reflect.NativeMethodAccessorImpl.invoke0(Native Method)
	at sun.reflect.NativeMethodAccessorImpl.invoke(Unknown Source)
	at sun.reflect.DelegatingMethodAccessorImpl.invoke(Unknown Source)
	at java.lang.reflect.Method.invoke(Unknown Source)
	at org.apache.maven.surefire.util.ReflectionUtils.invokeMethodWithArray(ReflectionUtils.java:189)
	at org.apache.maven.surefire.booter.ProviderFactory$ProviderProxy.invoke(ProviderFactory.java:165)
	at org.apache.maven.surefire.booter.ProviderFactory.invokeProvider(ProviderFactory.java:85)
	at org.apache.maven.surefire.booter.ForkedBooter.runSuitesInProcess(ForkedBooter.java:115)
	at org.apache.maven.surefire.booter.ForkedBooter.main(ForkedBooter.java:75)
]]>
            </full-stacktrace>
          </exception> <!-- java.lang.NoClassDefFoundError -->
          <reporter-output>
          </reporter-output>
        </test-method> <!-- TransformInMinimumOperationTest_5 -->
        <test-method status="FAIL" signature="TransformInMinimumOperationTest_4()[pri:0, instance:String.StringTest@580929]" name="TransformInMinimumOperationTest_4" duration-ms="0" started-at="2015-10-19T22:01:53Z" finished-at="2015-10-19T22:01:53Z">
          <exception class="java.lang.NoClassDefFoundError">
            <message>
              <![CDATA[Could not initialize class String.TransformInMinimumOperation]]>
            </message>
            <full-stacktrace>
              <![CDATA[java.lang.NoClassDefFoundError: Could not initialize class String.TransformInMinimumOperation
	at String.StringTest.TransformInMinimumOperationTest_4(StringTest.java:26)
	at sun.reflect.NativeMethodAccessorImpl.invoke0(Native Method)
	at sun.reflect.NativeMethodAccessorImpl.invoke(Unknown Source)
	at sun.reflect.DelegatingMethodAccessorImpl.invoke(Unknown Source)
	at java.lang.reflect.Method.invoke(Unknown Source)
	at org.testng.internal.MethodInvocationHelper.invokeMethod(MethodInvocationHelper.java:84)
	at org.testng.internal.Invoker.invokeMethod(Invoker.java:714)
	at org.testng.internal.Invoker.invokeTestMethod(Invoker.java:901)
	at org.testng.internal.Invoker.invokeTestMethods(Invoker.java:1231)
	at org.testng.internal.TestMethodWorker.invokeTestMethods(TestMethodWorker.java:127)
	at org.testng.internal.TestMethodWorker.run(TestMethodWorker.java:111)
	at org.testng.TestRunner.privateRun(TestRunner.java:767)
	at org.testng.TestRunner.run(TestRunner.java:617)
	at org.testng.SuiteRunner.runTest(SuiteRunner.java:348)
	at org.testng.SuiteRunner.runSequentially(SuiteRunner.java:343)
	at org.testng.SuiteRunner.privateRun(SuiteRunner.java:305)
	at org.testng.SuiteRunner.run(SuiteRunner.java:254)
	at org.testng.SuiteRunnerWorker.runSuite(SuiteRunnerWorker.java:52)
	at org.testng.SuiteRunnerWorker.run(SuiteRunnerWorker.java:86)
	at org.testng.TestNG.runSuitesSequentially(TestNG.java:1224)
	at org.testng.TestNG.runSuitesLocally(TestNG.java:1149)
	at org.testng.TestNG.run(TestNG.java:1057)
	at org.apache.maven.surefire.testng.TestNGExecutor.run(TestNGExecutor.java:77)
	at org.apache.maven.surefire.testng.TestNGDirectoryTestSuite.executeMulti(TestNGDirectoryTestSuite.java:159)
	at org.apache.maven.surefire.testng.TestNGDirectoryTestSuite.execute(TestNGDirectoryTestSuite.java:99)
	at org.apache.maven.surefire.testng.TestNGProvider.invoke(TestNGProvider.java:106)
	at sun.reflect.NativeMethodAccessorImpl.invoke0(Native Method)
	at sun.reflect.NativeMethodAccessorImpl.invoke(Unknown Source)
	at sun.reflect.DelegatingMethodAccessorImpl.invoke(Unknown Source)
	at java.lang.reflect.Method.invoke(Unknown Source)
	at org.apache.maven.surefire.util.ReflectionUtils.invokeMethodWithArray(ReflectionUtils.java:189)
	at org.apache.maven.surefire.booter.ProviderFactory$ProviderProxy.invoke(ProviderFactory.java:165)
	at org.apache.maven.surefire.booter.ProviderFactory.invokeProvider(ProviderFactory.java:85)
	at org.apache.maven.surefire.booter.ForkedBooter.runSuitesInProcess(ForkedBooter.java:115)
	at org.apache.maven.surefire.booter.ForkedBooter.main(ForkedBooter.java:75)
]]>
            </full-stacktrace>
          </exception> <!-- java.lang.NoClassDefFoundError -->
          <reporter-output>
          </reporter-output>
        </test-method> <!-- TransformInMinimumOperationTest_4 -->
        <test-method status="FAIL" signature="TransformInMinimumOperationTest_6()[pri:0, instance:String.StringTest@580929]" name="TransformInMinimumOperationTest_6" duration-ms="0" started-at="2015-10-19T22:01:53Z" finished-at="2015-10-19T22:01:53Z">
          <exception class="java.lang.NoClassDefFoundError">
            <message>
              <![CDATA[Could not initialize class String.TransformInMinimumOperation]]>
            </message>
            <full-stacktrace>
              <![CDATA[java.lang.NoClassDefFoundError: Could not initialize class String.TransformInMinimumOperation
	at String.StringTest.TransformInMinimumOperationTest_6(StringTest.java:36)
	at sun.reflect.NativeMethodAccessorImpl.invoke0(Native Method)
	at sun.reflect.NativeMethodAccessorImpl.invoke(Unknown Source)
	at sun.reflect.DelegatingMethodAccessorImpl.invoke(Unknown Source)
	at java.lang.reflect.Method.invoke(Unknown Source)
	at org.testng.internal.MethodInvocationHelper.invokeMethod(MethodInvocationHelper.java:84)
	at org.testng.internal.Invoker.invokeMethod(Invoker.java:714)
	at org.testng.internal.Invoker.invokeTestMethod(Invoker.java:901)
	at org.testng.internal.Invoker.invokeTestMethods(Invoker.java:1231)
	at org.testng.internal.TestMethodWorker.invokeTestMethods(TestMethodWorker.java:127)
	at org.testng.internal.TestMethodWorker.run(TestMethodWorker.java:111)
	at org.testng.TestRunner.privateRun(TestRunner.java:767)
	at org.testng.TestRunner.run(TestRunner.java:617)
	at org.testng.SuiteRunner.runTest(SuiteRunner.java:348)
	at org.testng.SuiteRunner.runSequentially(SuiteRunner.java:343)
	at org.testng.SuiteRunner.privateRun(SuiteRunner.java:305)
	at org.testng.SuiteRunner.run(SuiteRunner.java:254)
	at org.testng.SuiteRunnerWorker.runSuite(SuiteRunnerWorker.java:52)
	at org.testng.SuiteRunnerWorker.run(SuiteRunnerWorker.java:86)
	at org.testng.TestNG.runSuitesSequentially(TestNG.java:1224)
	at org.testng.TestNG.runSuitesLocally(TestNG.java:1149)
	at org.testng.TestNG.run(TestNG.java:1057)
	at org.apache.maven.surefire.testng.TestNGExecutor.run(TestNGExecutor.java:77)
	at org.apache.maven.surefire.testng.TestNGDirectoryTestSuite.executeMulti(TestNGDirectoryTestSuite.java:159)
	at org.apache.maven.surefire.testng.TestNGDirectoryTestSuite.execute(TestNGDirectoryTestSuite.java:99)
	at org.apache.maven.surefire.testng.TestNGProvider.invoke(TestNGProvider.java:106)
	at sun.reflect.NativeMethodAccessorImpl.invoke0(Native Method)
	at sun.reflect.NativeMethodAccessorImpl.invoke(Unknown Source)
	at sun.reflect.DelegatingMethodAccessorImpl.invoke(Unknown Source)
	at java.lang.reflect.Method.invoke(Unknown Source)
	at org.apache.maven.surefire.util.ReflectionUtils.invokeMethodWithArray(ReflectionUtils.java:189)
	at org.apache.maven.surefire.booter.ProviderFactory$ProviderProxy.invoke(ProviderFactory.java:165)
	at org.apache.maven.surefire.booter.ProviderFactory.invokeProvider(ProviderFactory.java:85)
	at org.apache.maven.surefire.booter.ForkedBooter.runSuitesInProcess(ForkedBooter.java:115)
	at org.apache.maven.surefire.booter.ForkedBooter.main(ForkedBooter.java:75)
]]>
            </full-stacktrace>
          </exception> <!-- java.lang.NoClassDefFoundError -->
          <reporter-output>
          </reporter-output>
        </test-method> <!-- TransformInMinimumOperationTest_6 -->
        <test-method status="PASS" signature="testHashmap()[pri:0, instance:String.StringTest@580929]" name="testHashmap" duration-ms="7" started-at="2015-10-19T22:01:53Z" finished-at="2015-10-19T22:01:53Z">
          <reporter-output>
          </reporter-output>
        </test-method> <!-- testHashmap -->
      </class> <!-- String.StringTest -->
      <class name="Algorithms.Algorithms.LinkedListTest">
        <test-method status="PASS" signature="B()[pri:0, instance:Algorithms.Algorithms.LinkedListTest@1684286]" name="B" duration-ms="6" started-at="2015-10-19T22:01:53Z" finished-at="2015-10-19T22:01:53Z">
          <reporter-output>
          </reporter-output>
        </test-method> <!-- B -->
        <test-method status="PASS" signature="C()[pri:0, instance:Algorithms.Algorithms.LinkedListTest@1684286]" name="C" duration-ms="1" started-at="2015-10-19T22:01:53Z" finished-at="2015-10-19T22:01:53Z">
          <reporter-output>
          </reporter-output>
        </test-method> <!-- C -->
        <test-method status="PASS" signature="printListTest()[pri:0, instance:Algorithms.Algorithms.LinkedListTest@1684286]" name="printListTest" duration-ms="48" started-at="2015-10-19T22:01:53Z" finished-at="2015-10-19T22:01:53Z">
          <reporter-output>
          </reporter-output>
        </test-method> <!-- printListTest -->
      </class> <!-- Algorithms.Algorithms.LinkedListTest -->
    </test> <!-- Command line test -->
  </suite> <!-- Command line suite -->
</testng-results>
